<?xml version="1.0" encoding="UTF-8"?>
<robot generator="Robot 3.1.2 (Python 3.7.4 on linux)" generated="20191115 17:45:16.006" rpa="false">
<suite id="s1" name="百度搜索测试套件">
<test id="s1-t1" name="启动浏览器">
<kw name="Open Browser">
<arguments>
<arg>${baidu}</arg>
<arg>${browser}</arg>
</arguments>
<msg timestamp="20191115 17:45:16.032" level="FAIL">No keyword with name 'Open Browser' found.</msg>
<status status="FAIL" starttime="20191115 17:45:16.032" endtime="20191115 17:45:16.032"></status>
</kw>
<status status="FAIL" starttime="20191115 17:45:16.031" endtime="20191115 17:45:16.032" critical="no">No keyword with name 'Open Browser' found.</status>
</test>
<test id="s1-t2" name="百度搜索测试">
<kw name="Input Text">
<arguments>
<arg>${search_input}</arg>
<arg>测试教程网</arg>
</arguments>
<msg timestamp="20191115 17:45:16.035" level="FAIL">No keyword with name 'Input Text' found.</msg>
<status status="FAIL" starttime="20191115 17:45:16.035" endtime="20191115 17:45:16.035"></status>
</kw>
<status status="FAIL" starttime="20191115 17:45:16.032" endtime="20191115 17:45:16.035" critical="no">No keyword with name 'Input Text' found.</status>
</test>
<test id="s1-t3" name="断言验证搜索结果标题">
<kw name="Title Should Be">
<arguments>
<arg>测试教程网_百度搜索</arg>
</arguments>
<msg timestamp="20191115 17:45:16.038" level="FAIL">No keyword with name 'Title Should Be' found.</msg>
<status status="FAIL" starttime="20191115 17:45:16.038" endtime="20191115 17:45:16.038"></status>
</kw>
<status status="FAIL" starttime="20191115 17:45:16.035" endtime="20191115 17:45:16.038" critical="no">No keyword with name 'Title Should Be' found.</status>
</test>
<test id="s1-t4" name="关闭浏览器">
<kw name="Close All Browsers">
<msg timestamp="20191115 17:45:16.041" level="FAIL">No keyword with name 'Close All Browsers' found.</msg>
<status status="FAIL" starttime="20191115 17:45:16.041" endtime="20191115 17:45:16.041"></status>
</kw>
<status status="FAIL" starttime="20191115 17:45:16.039" endtime="20191115 17:45:16.042" critical="no">No keyword with name 'Close All Browsers' found.</status>
</test>
<status status="PASS" starttime="20191115 17:45:16.008" endtime="20191115 17:45:16.042"></status>
</suite>
<statistics>
<total>
<stat pass="0" fail="0">Critical Tests</stat>
<stat pass="0" fail="4">All Tests</stat>
</total>
<tag>
<stat pass="0" fail="0" info="critical">百度搜索</stat>
</tag>
<suite>
<stat pass="0" fail="4" id="s1" name="百度搜索测试套件">百度搜索测试套件</stat>
</suite>
</statistics>
<errors>
<msg timestamp="20191115 17:45:16.030" level="ERROR">Error in file '&lt;unknown&gt;': Importing test library 'SeleniumLibrary' failed: ModuleNotFoundError: No module named 'SeleniumLibrary'
Traceback (most recent call last):
  None
PYTHONPATH:
  /home/clivelau/Documents/flask-vue-crud/server
  /home/clivelau/Documents/flask-vue-crud/server
  /home/clivelau/Programs/pycharm-2019.2.3/helpers/pycharm_display
  /usr/local/lib/python37.zip
  /usr/local/lib/python3.7
  /usr/local/lib/python3.7/lib-dynload
  /home/clivelau/Documents/flask-vue-crud/server/env/lib/python3.7/site-packages
  /home/clivelau/Programs/pycharm-2019.2.3/helpers/pycharm_matplotlib_backend</msg>
</errors>
</robot>
